[demo-mvc] DEBUG 2016-08-07 22:27:16,921 [restartedMain] DataBaseConfig.dataSource(33) | Configuring Datasource
[demo-mvc] DEBUG 2016-08-07 22:38:09,545 [restartedMain] DataBaseConfig.dataSource(33) | Configuring Datasource
[demo-mvc] INFO 2016-08-07 22:39:00,640 [http-nio-7070-exec-1] DruidDataSource.init(669) | {dataSource-1} inited
[demo-mvc] INFO 2016-08-07 22:45:43,838 [Thread-9] DruidDataSource.close(1385) | {dataSource-1} closed
[demo-mvc] DEBUG 2016-08-07 22:45:46,763 [restartedMain] DataBaseConfig.dataSource(33) | Configuring Datasource
[demo-mvc] DEBUG 2016-08-07 23:00:36,455 [restartedMain] DataBaseConfig.dataSource(33) | Configuring Datasource
[demo-mvc] DEBUG 2016-08-07 23:00:53,084 [restartedMain] DataBaseConfig.dataSource(33) | Configuring Datasource
[demo-mvc] DEBUG 2016-08-07 23:01:32,196 [restartedMain] DataBaseConfig.dataSource(33) | Configuring Datasource
[demo-mvc] DEBUG 2016-08-07 23:01:44,105 [http-nio-7070-exec-1] LoginController.login_post(35) | ---请求参数:{}
[demo-mvc] DEBUG 2016-08-07 23:04:56,892 [http-nio-7070-exec-10] LoginController.login_post(35) | ---请求参数:{}
[demo-mvc] DEBUG 2016-08-07 23:04:56,902 [http-nio-7070-exec-1] LoginController.login_post(35) | ---请求参数:{"name":["a"],"pwd":["b"]}
[demo-mvc] DEBUG 2016-08-07 23:05:55,952 [http-nio-7070-exec-10] LoginController.login_post(35) | ---请求参数:{}
[demo-mvc] DEBUG 2016-08-07 23:05:55,962 [http-nio-7070-exec-1] LoginController.login_post(35) | ---请求参数:{"name":["a"],"pwd":["b"]}
[demo-mvc] DEBUG 2016-08-07 23:07:55,259 [http-nio-7070-exec-1] LoginController.login_post(35) | ---请求参数:{"name":["a"],"pwd":["b"]}
[demo-mvc] DEBUG 2016-08-07 23:07:55,270 [http-nio-7070-exec-10] LoginController.login_post(35) | ---请求参数:{"{\"name\":\"312\",\"pwd\":\"21\"}":[""]}
[demo-mvc] DEBUG 2016-08-07 23:08:25,893 [http-nio-7070-exec-1] LoginController.login_post(35) | ---请求参数:{"{\"name\":\"423\",\"pwd\":\"1\"}":[""]}
[demo-mvc] DEBUG 2016-08-07 23:10:18,644 [http-nio-7070-exec-9] LoginController.login_post(35) | ---请求参数:{"name":["423"],"pwd":["1"]}
[demo-mvc] DEBUG 2016-08-07 23:10:47,805 [http-nio-7070-exec-10] LoginController.login_post(35) | ---请求参数:{"name":["423"],"pwd":["1"]}
[demo-mvc] DEBUG 2016-08-07 23:11:12,287 [restartedMain] DataBaseConfig.dataSource(33) | Configuring Datasource
[demo-mvc] DEBUG 2016-08-07 23:11:20,302 [restartedMain] DataBaseConfig.dataSource(33) | Configuring Datasource
[demo-mvc] INFO 2016-08-07 23:15:26,173 [http-nio-7070-exec-9] DruidDataSource.init(669) | {dataSource-2} inited
[demo-mvc] ERROR 2016-08-07 23:15:26,363 [http-nio-7070-exec-9] LoginController.login_post(40) | 用户312未找到
[demo-mvc] INFO 2016-08-07 23:16:04,756 [Thread-39] DruidDataSource.close(1385) | {dataSource-2} closed
[demo-mvc] DEBUG 2016-08-07 23:16:06,291 [restartedMain] DataBaseConfig.dataSource(33) | Configuring Datasource
