[demo-mvc] INFO 2016-01-17 23:44:08,149 [restartedMain] StartupInfoLogger.logStarting(48) | Starting MvcApplication on hugh with PID 8988 (D:\GitSpace\spring-boot-mvc\target\classes started by xudong in D:\GitSpace\spring-boot-mvc)
[demo-mvc] INFO 2016-01-17 23:44:08,151 [restartedMain] SpringApplication.logStartupProfileInfo(653) | No profiles are active
[demo-mvc] INFO 2016-01-17 23:44:08,277 [restartedMain] AbstractApplicationContext.prepareRefresh(577) | Refreshing org.springframework.boot.context.embedded.AnnotationConfigEmbeddedWebApplicationContext@5ccd82b1: startup date [Sun Jan 17 23:44:08 CST 2016]; root of context hierarchy
[demo-mvc] INFO 2016-01-17 23:44:08,307 [pool-1-thread-1] Version.<clinit>(17) | HV000001: Hibernate Validator 5.2.2.Final
[demo-mvc] INFO 2016-01-17 23:44:10,385 [restartedMain] DefaultListableBeanFactory.registerBeanDefinition(839) | Overriding bean definition for bean 'beanNameViewResolver' with a different definition: replacing [Root bean: class [null]; scope=; abstract=false; lazyInit=false; autowireMode=3; dependencyCheck=0; autowireCandidate=true; primary=false; factoryBeanName=org.springframework.boot.autoconfigure.web.ErrorMvcAutoConfiguration$WhitelabelErrorViewConfiguration; factoryMethodName=beanNameViewResolver; initMethodName=null; destroyMethodName=(inferred); defined in class path resource [org/springframework/boot/autoconfigure/web/ErrorMvcAutoConfiguration$WhitelabelErrorViewConfiguration.class]] with [Root bean: class [null]; scope=; abstract=false; lazyInit=false; autowireMode=3; dependencyCheck=0; autowireCandidate=true; primary=false; factoryBeanName=org.springframework.boot.autoconfigure.web.WebMvcAutoConfiguration$WebMvcAutoConfigurationAdapter; factoryMethodName=beanNameViewResolver; initMethodName=null; destroyMethodName=(inferred); defined in class path resource [org/springframework/boot/autoconfigure/web/WebMvcAutoConfiguration$WebMvcAutoConfigurationAdapter.class]]
[demo-mvc] INFO 2016-01-17 23:44:12,011 [restartedMain] TomcatEmbeddedServletContainer.initialize(81) | Tomcat initialized with port(s): 7070 (http)
[demo-mvc] INFO 2016-01-17 23:44:12,043 [restartedMain] DirectJDKLog.log(180) | Starting service Tomcat
[demo-mvc] INFO 2016-01-17 23:44:12,044 [restartedMain] DirectJDKLog.log(180) | Starting Servlet Engine: Apache Tomcat/8.0.28
[demo-mvc] INFO 2016-01-17 23:44:12,810 [localhost-startStop-1] DirectJDKLog.log(180) | At least one JAR was scanned for TLDs yet contained no TLDs. Enable debug logging for this logger for a complete list of JARs that were scanned but no TLDs were found in them. Skipping unneeded JARs during scanning can improve startup time and JSP compilation time.
[demo-mvc] INFO 2016-01-17 23:44:12,819 [localhost-startStop-1] DirectJDKLog.log(180) | Initializing Spring embedded WebApplicationContext
[demo-mvc] INFO 2016-01-17 23:44:12,820 [localhost-startStop-1] EmbeddedWebApplicationContext.prepareEmbeddedWebApplicationContext(270) | Root WebApplicationContext: initialization completed in 4548 ms
[demo-mvc] INFO 2016-01-17 23:44:13,518 [localhost-startStop-1] ServletRegistrationBean.onStartup(189) | Mapping servlet: 'dispatcherServlet' to [/]
[demo-mvc] INFO 2016-01-17 23:44:13,524 [localhost-startStop-1] AbstractFilterRegistrationBean.configure(258) | Mapping filter: 'characterEncodingFilter' to: [/*]
[demo-mvc] INFO 2016-01-17 23:44:13,524 [localhost-startStop-1] AbstractFilterRegistrationBean.configure(258) | Mapping filter: 'hiddenHttpMethodFilter' to: [/*]
[demo-mvc] INFO 2016-01-17 23:44:13,525 [localhost-startStop-1] AbstractFilterRegistrationBean.configure(258) | Mapping filter: 'httpPutFormContentFilter' to: [/*]
[demo-mvc] INFO 2016-01-17 23:44:13,525 [localhost-startStop-1] AbstractFilterRegistrationBean.configure(258) | Mapping filter: 'requestContextFilter' to: [/*]
[demo-mvc] INFO 2016-01-17 23:44:13,922 [restartedMain] RequestMappingHandlerAdapter.initControllerAdviceCache(532) | Looking for @ControllerAdvice: org.springframework.boot.context.embedded.AnnotationConfigEmbeddedWebApplicationContext@5ccd82b1: startup date [Sun Jan 17 23:44:08 CST 2016]; root of context hierarchy
[demo-mvc] INFO 2016-01-17 23:44:14,000 [restartedMain] AbstractHandlerMethodMapping$MappingRegistry.register(515) | Mapped "{[/test/hello],methods=[POST]}" onto public java.lang.String demo.hugh.mvc.web.HelloController.genTCParam(java.lang.String,org.springframework.ui.Model,javax.servlet.http.HttpServletRequest)
[demo-mvc] INFO 2016-01-17 23:44:14,030 [restartedMain] AbstractHandlerMethodMapping$MappingRegistry.register(515) | Mapped "{[/error]}" onto public org.springframework.http.ResponseEntity<java.util.Map<java.lang.String, java.lang.Object>> org.springframework.boot.autoconfigure.web.BasicErrorController.error(javax.servlet.http.HttpServletRequest)
[demo-mvc] INFO 2016-01-17 23:44:14,030 [restartedMain] AbstractHandlerMethodMapping$MappingRegistry.register(515) | Mapped "{[/error],produces=[text/html]}" onto public org.springframework.web.servlet.ModelAndView org.springframework.boot.autoconfigure.web.BasicErrorController.errorHtml(javax.servlet.http.HttpServletRequest)
[demo-mvc] INFO 2016-01-17 23:44:14,033 [restartedMain] WebMvcAutoConfiguration$WebMvcAutoConfigurationAdapter.addViewControllers(307) | Adding welcome page: class path resource [static/index.html]
[demo-mvc] INFO 2016-01-17 23:44:14,053 [restartedMain] AbstractUrlHandlerMapping.registerHandler(328) | Root mapping to handler of type [class org.springframework.web.servlet.mvc.ParameterizableViewController]
[demo-mvc] INFO 2016-01-17 23:44:14,091 [restartedMain] AbstractUrlHandlerMapping.registerHandler(341) | Mapped URL path [/webjars/**] onto handler of type [class org.springframework.web.servlet.resource.ResourceHttpRequestHandler]
[demo-mvc] INFO 2016-01-17 23:44:14,091 [restartedMain] AbstractUrlHandlerMapping.registerHandler(341) | Mapped URL path [/**] onto handler of type [class org.springframework.web.servlet.resource.ResourceHttpRequestHandler]
[demo-mvc] INFO 2016-01-17 23:44:14,185 [restartedMain] AbstractUrlHandlerMapping.registerHandler(341) | Mapped URL path [/**/favicon.ico] onto handler of type [class org.springframework.web.servlet.resource.ResourceHttpRequestHandler]
[demo-mvc] INFO 2016-01-17 23:44:14,415 [restartedMain] OptionalLiveReloadServer.startServer(58) | LiveReload server is running on port 35729
[demo-mvc] INFO 2016-01-17 23:44:14,552 [restartedMain] MBeanExporter.afterSingletonsInstantiated(431) | Registering beans for JMX exposure on startup
[demo-mvc] INFO 2016-01-17 23:44:14,738 [restartedMain] DirectJDKLog.log(180) | Initializing ProtocolHandler ["http-nio-7070"]
[demo-mvc] INFO 2016-01-17 23:44:14,759 [restartedMain] DirectJDKLog.log(180) | Starting ProtocolHandler ["http-nio-7070"]
[demo-mvc] INFO 2016-01-17 23:44:14,795 [restartedMain] DirectJDKLog.log(180) | Using a shared selector for servlet write/read
[demo-mvc] INFO 2016-01-17 23:44:14,873 [restartedMain] TomcatEmbeddedServletContainer.start(162) | Tomcat started on port(s): 7070 (http)
[demo-mvc] INFO 2016-01-17 23:44:14,883 [restartedMain] StartupInfoLogger.logStarted(57) | Started MvcApplication in 8.098 seconds (JVM running for 9.241)
[demo-mvc] INFO 2016-01-17 23:44:55,309 [http-nio-7070-exec-1] DirectJDKLog.log(180) | Initializing Spring FrameworkServlet 'dispatcherServlet'
[demo-mvc] INFO 2016-01-17 23:44:55,309 [http-nio-7070-exec-1] FrameworkServlet.initServletBean(488) | FrameworkServlet 'dispatcherServlet': initialization started
[demo-mvc] INFO 2016-01-17 23:44:55,337 [http-nio-7070-exec-1] FrameworkServlet.initServletBean(507) | FrameworkServlet 'dispatcherServlet': initialization completed in 28 ms
[demo-mvc] INFO 2016-01-17 23:45:54,251 [Thread-10] AbstractApplicationContext.doClose(957) | Closing org.springframework.boot.context.embedded.AnnotationConfigEmbeddedWebApplicationContext@5ccd82b1: startup date [Sun Jan 17 23:44:08 CST 2016]; root of context hierarchy
[demo-mvc] INFO 2016-01-17 23:45:54,254 [Thread-10] MBeanExporter.destroy(449) | Unregistering JMX-exposed beans on shutdown
[demo-mvc] INFO 2016-01-17 23:45:54,623 [restartedMain] StartupInfoLogger.logStarting(48) | Starting MvcApplication on hugh with PID 8988 (D:\GitSpace\spring-boot-mvc\target\classes started by xudong in D:\GitSpace\spring-boot-mvc)
[demo-mvc] INFO 2016-01-17 23:45:54,624 [restartedMain] SpringApplication.logStartupProfileInfo(653) | No profiles are active
[demo-mvc] INFO 2016-01-17 23:45:54,698 [restartedMain] AbstractApplicationContext.prepareRefresh(577) | Refreshing org.springframework.boot.context.embedded.AnnotationConfigEmbeddedWebApplicationContext@f13e755: startup date [Sun Jan 17 23:45:54 CST 2016]; root of context hierarchy
[demo-mvc] INFO 2016-01-17 23:45:56,332 [restartedMain] DefaultListableBeanFactory.registerBeanDefinition(839) | Overriding bean definition for bean 'beanNameViewResolver' with a different definition: replacing [Root bean: class [null]; scope=; abstract=false; lazyInit=false; autowireMode=3; dependencyCheck=0; autowireCandidate=true; primary=false; factoryBeanName=org.springframework.boot.autoconfigure.web.ErrorMvcAutoConfiguration$WhitelabelErrorViewConfiguration; factoryMethodName=beanNameViewResolver; initMethodName=null; destroyMethodName=(inferred); defined in class path resource [org/springframework/boot/autoconfigure/web/ErrorMvcAutoConfiguration$WhitelabelErrorViewConfiguration.class]] with [Root bean: class [null]; scope=; abstract=false; lazyInit=false; autowireMode=3; dependencyCheck=0; autowireCandidate=true; primary=false; factoryBeanName=org.springframework.boot.autoconfigure.web.WebMvcAutoConfiguration$WebMvcAutoConfigurationAdapter; factoryMethodName=beanNameViewResolver; initMethodName=null; destroyMethodName=(inferred); defined in class path resource [org/springframework/boot/autoconfigure/web/WebMvcAutoConfiguration$WebMvcAutoConfigurationAdapter.class]]
[demo-mvc] INFO 2016-01-17 23:45:56,636 [restartedMain] TomcatEmbeddedServletContainer.initialize(81) | Tomcat initialized with port(s): 7070 (http)
[demo-mvc] INFO 2016-01-17 23:45:56,637 [restartedMain] DirectJDKLog.log(180) | Starting service Tomcat
[demo-mvc] INFO 2016-01-17 23:45:56,637 [restartedMain] DirectJDKLog.log(180) | Starting Servlet Engine: Apache Tomcat/8.0.28
[demo-mvc] INFO 2016-01-17 23:45:56,821 [localhost-startStop-1] DirectJDKLog.log(180) | At least one JAR was scanned for TLDs yet contained no TLDs. Enable debug logging for this logger for a complete list of JARs that were scanned but no TLDs were found in them. Skipping unneeded JARs during scanning can improve startup time and JSP compilation time.
[demo-mvc] INFO 2016-01-17 23:45:56,826 [localhost-startStop-1] DirectJDKLog.log(180) | Initializing Spring embedded WebApplicationContext
[demo-mvc] INFO 2016-01-17 23:45:56,826 [localhost-startStop-1] EmbeddedWebApplicationContext.prepareEmbeddedWebApplicationContext(270) | Root WebApplicationContext: initialization completed in 2128 ms
[demo-mvc] INFO 2016-01-17 23:45:56,993 [localhost-startStop-1] ServletRegistrationBean.onStartup(189) | Mapping servlet: 'dispatcherServlet' to [/]
[demo-mvc] INFO 2016-01-17 23:45:56,994 [localhost-startStop-1] AbstractFilterRegistrationBean.configure(258) | Mapping filter: 'characterEncodingFilter' to: [/*]
[demo-mvc] INFO 2016-01-17 23:45:56,994 [localhost-startStop-1] AbstractFilterRegistrationBean.configure(258) | Mapping filter: 'hiddenHttpMethodFilter' to: [/*]
[demo-mvc] INFO 2016-01-17 23:45:56,994 [localhost-startStop-1] AbstractFilterRegistrationBean.configure(258) | Mapping filter: 'httpPutFormContentFilter' to: [/*]
[demo-mvc] INFO 2016-01-17 23:45:56,994 [localhost-startStop-1] AbstractFilterRegistrationBean.configure(258) | Mapping filter: 'requestContextFilter' to: [/*]
[demo-mvc] INFO 2016-01-17 23:45:57,074 [restartedMain] RequestMappingHandlerAdapter.initControllerAdviceCache(532) | Looking for @ControllerAdvice: org.springframework.boot.context.embedded.AnnotationConfigEmbeddedWebApplicationContext@f13e755: startup date [Sun Jan 17 23:45:54 CST 2016]; root of context hierarchy
[demo-mvc] INFO 2016-01-17 23:45:57,216 [restartedMain] AbstractHandlerMethodMapping$MappingRegistry.register(515) | Mapped "{[/test/hello],methods=[GET]}" onto public java.lang.String demo.hugh.mvc.web.HelloController.genTCParam(java.lang.String,org.springframework.ui.Model,javax.servlet.http.HttpServletRequest)
[demo-mvc] INFO 2016-01-17 23:45:57,255 [restartedMain] AbstractHandlerMethodMapping$MappingRegistry.register(515) | Mapped "{[/error]}" onto public org.springframework.http.ResponseEntity<java.util.Map<java.lang.String, java.lang.Object>> org.springframework.boot.autoconfigure.web.BasicErrorController.error(javax.servlet.http.HttpServletRequest)
[demo-mvc] INFO 2016-01-17 23:45:57,255 [restartedMain] AbstractHandlerMethodMapping$MappingRegistry.register(515) | Mapped "{[/error],produces=[text/html]}" onto public org.springframework.web.servlet.ModelAndView org.springframework.boot.autoconfigure.web.BasicErrorController.errorHtml(javax.servlet.http.HttpServletRequest)
[demo-mvc] INFO 2016-01-17 23:45:57,261 [restartedMain] WebMvcAutoConfiguration$WebMvcAutoConfigurationAdapter.addViewControllers(307) | Adding welcome page: class path resource [static/index.html]
[demo-mvc] INFO 2016-01-17 23:45:57,271 [restartedMain] AbstractUrlHandlerMapping.registerHandler(328) | Root mapping to handler of type [class org.springframework.web.servlet.mvc.ParameterizableViewController]
[demo-mvc] INFO 2016-01-17 23:45:57,334 [restartedMain] AbstractUrlHandlerMapping.registerHandler(341) | Mapped URL path [/webjars/**] onto handler of type [class org.springframework.web.servlet.resource.ResourceHttpRequestHandler]
[demo-mvc] INFO 2016-01-17 23:45:57,334 [restartedMain] AbstractUrlHandlerMapping.registerHandler(341) | Mapped URL path [/**] onto handler of type [class org.springframework.web.servlet.resource.ResourceHttpRequestHandler]
[demo-mvc] INFO 2016-01-17 23:45:57,370 [restartedMain] AbstractUrlHandlerMapping.registerHandler(341) | Mapped URL path [/**/favicon.ico] onto handler of type [class org.springframework.web.servlet.resource.ResourceHttpRequestHandler]
[demo-mvc] INFO 2016-01-17 23:45:57,530 [restartedMain] OptionalLiveReloadServer.startServer(58) | LiveReload server is running on port 35729
[demo-mvc] INFO 2016-01-17 23:45:57,601 [restartedMain] MBeanExporter.afterSingletonsInstantiated(431) | Registering beans for JMX exposure on startup
[demo-mvc] INFO 2016-01-17 23:45:57,634 [restartedMain] DirectJDKLog.log(180) | Initializing ProtocolHandler ["http-nio-7070"]
[demo-mvc] INFO 2016-01-17 23:45:57,635 [restartedMain] DirectJDKLog.log(180) | Starting ProtocolHandler ["http-nio-7070"]
[demo-mvc] INFO 2016-01-17 23:45:57,638 [restartedMain] DirectJDKLog.log(180) | Using a shared selector for servlet write/read
[demo-mvc] INFO 2016-01-17 23:45:57,649 [restartedMain] TomcatEmbeddedServletContainer.start(162) | Tomcat started on port(s): 7070 (http)
[demo-mvc] INFO 2016-01-17 23:45:57,651 [restartedMain] StartupInfoLogger.logStarted(57) | Started MvcApplication in 3.184 seconds (JVM running for 112.009)
[demo-mvc] INFO 2016-01-17 23:46:27,931 [http-nio-7070-exec-1] DirectJDKLog.log(180) | Initializing Spring FrameworkServlet 'dispatcherServlet'
[demo-mvc] INFO 2016-01-17 23:46:27,931 [http-nio-7070-exec-1] FrameworkServlet.initServletBean(488) | FrameworkServlet 'dispatcherServlet': initialization started
[demo-mvc] INFO 2016-01-17 23:46:27,943 [http-nio-7070-exec-1] FrameworkServlet.initServletBean(507) | FrameworkServlet 'dispatcherServlet': initialization completed in 11 ms
[demo-mvc] INFO 2016-01-17 23:46:44,570 [Thread-16] AbstractApplicationContext.doClose(957) | Closing org.springframework.boot.context.embedded.AnnotationConfigEmbeddedWebApplicationContext@f13e755: startup date [Sun Jan 17 23:45:54 CST 2016]; root of context hierarchy
[demo-mvc] INFO 2016-01-17 23:46:44,572 [Thread-16] MBeanExporter.destroy(449) | Unregistering JMX-exposed beans on shutdown
[demo-mvc] INFO 2016-01-17 23:46:44,956 [restartedMain] StartupInfoLogger.logStarting(48) | Starting MvcApplication on hugh with PID 8988 (D:\GitSpace\spring-boot-mvc\target\classes started by xudong in D:\GitSpace\spring-boot-mvc)
[demo-mvc] INFO 2016-01-17 23:46:44,957 [restartedMain] SpringApplication.logStartupProfileInfo(653) | No profiles are active
[demo-mvc] INFO 2016-01-17 23:46:44,962 [restartedMain] AbstractApplicationContext.prepareRefresh(577) | Refreshing org.springframework.boot.context.embedded.AnnotationConfigEmbeddedWebApplicationContext@3281fedf: startup date [Sun Jan 17 23:46:44 CST 2016]; root of context hierarchy
[demo-mvc] INFO 2016-01-17 23:46:46,132 [restartedMain] DefaultListableBeanFactory.registerBeanDefinition(839) | Overriding bean definition for bean 'beanNameViewResolver' with a different definition: replacing [Root bean: class [null]; scope=; abstract=false; lazyInit=false; autowireMode=3; dependencyCheck=0; autowireCandidate=true; primary=false; factoryBeanName=org.springframework.boot.autoconfigure.web.ErrorMvcAutoConfiguration$WhitelabelErrorViewConfiguration; factoryMethodName=beanNameViewResolver; initMethodName=null; destroyMethodName=(inferred); defined in class path resource [org/springframework/boot/autoconfigure/web/ErrorMvcAutoConfiguration$WhitelabelErrorViewConfiguration.class]] with [Root bean: class [null]; scope=; abstract=false; lazyInit=false; autowireMode=3; dependencyCheck=0; autowireCandidate=true; primary=false; factoryBeanName=org.springframework.boot.autoconfigure.web.WebMvcAutoConfiguration$WebMvcAutoConfigurationAdapter; factoryMethodName=beanNameViewResolver; initMethodName=null; destroyMethodName=(inferred); defined in class path resource [org/springframework/boot/autoconfigure/web/WebMvcAutoConfiguration$WebMvcAutoConfigurationAdapter.class]]
[demo-mvc] INFO 2016-01-17 23:46:46,359 [restartedMain] TomcatEmbeddedServletContainer.initialize(81) | Tomcat initialized with port(s): 7070 (http)
[demo-mvc] INFO 2016-01-17 23:46:46,360 [restartedMain] DirectJDKLog.log(180) | Starting service Tomcat
[demo-mvc] INFO 2016-01-17 23:46:46,360 [restartedMain] DirectJDKLog.log(180) | Starting Servlet Engine: Apache Tomcat/8.0.28
[demo-mvc] INFO 2016-01-17 23:46:46,695 [localhost-startStop-1] DirectJDKLog.log(180) | At least one JAR was scanned for TLDs yet contained no TLDs. Enable debug logging for this logger for a complete list of JARs that were scanned but no TLDs were found in them. Skipping unneeded JARs during scanning can improve startup time and JSP compilation time.
[demo-mvc] INFO 2016-01-17 23:46:46,700 [localhost-startStop-1] DirectJDKLog.log(180) | Initializing Spring embedded WebApplicationContext
[demo-mvc] INFO 2016-01-17 23:46:46,700 [localhost-startStop-1] EmbeddedWebApplicationContext.prepareEmbeddedWebApplicationContext(270) | Root WebApplicationContext: initialization completed in 1738 ms
[demo-mvc] INFO 2016-01-17 23:46:46,852 [localhost-startStop-1] ServletRegistrationBean.onStartup(189) | Mapping servlet: 'dispatcherServlet' to [/]
[demo-mvc] INFO 2016-01-17 23:46:46,855 [localhost-startStop-1] AbstractFilterRegistrationBean.configure(258) | Mapping filter: 'characterEncodingFilter' to: [/*]
[demo-mvc] INFO 2016-01-17 23:46:46,857 [localhost-startStop-1] AbstractFilterRegistrationBean.configure(258) | Mapping filter: 'hiddenHttpMethodFilter' to: [/*]
[demo-mvc] INFO 2016-01-17 23:46:46,857 [localhost-startStop-1] AbstractFilterRegistrationBean.configure(258) | Mapping filter: 'httpPutFormContentFilter' to: [/*]
[demo-mvc] INFO 2016-01-17 23:46:46,857 [localhost-startStop-1] AbstractFilterRegistrationBean.configure(258) | Mapping filter: 'requestContextFilter' to: [/*]
[demo-mvc] INFO 2016-01-17 23:46:46,914 [restartedMain] RequestMappingHandlerAdapter.initControllerAdviceCache(532) | Looking for @ControllerAdvice: org.springframework.boot.context.embedded.AnnotationConfigEmbeddedWebApplicationContext@3281fedf: startup date [Sun Jan 17 23:46:44 CST 2016]; root of context hierarchy
[demo-mvc] INFO 2016-01-17 23:46:46,933 [restartedMain] AbstractHandlerMethodMapping$MappingRegistry.register(515) | Mapped "{[/test/hello],methods=[GET]}" onto public java.lang.String demo.hugh.mvc.web.HelloController.genTCParam(org.springframework.ui.Model,javax.servlet.http.HttpServletRequest)
[demo-mvc] INFO 2016-01-17 23:46:46,989 [restartedMain] AbstractHandlerMethodMapping$MappingRegistry.register(515) | Mapped "{[/error]}" onto public org.springframework.http.ResponseEntity<java.util.Map<java.lang.String, java.lang.Object>> org.springframework.boot.autoconfigure.web.BasicErrorController.error(javax.servlet.http.HttpServletRequest)
[demo-mvc] INFO 2016-01-17 23:46:46,989 [restartedMain] AbstractHandlerMethodMapping$MappingRegistry.register(515) | Mapped "{[/error],produces=[text/html]}" onto public org.springframework.web.servlet.ModelAndView org.springframework.boot.autoconfigure.web.BasicErrorController.errorHtml(javax.servlet.http.HttpServletRequest)
[demo-mvc] INFO 2016-01-17 23:46:47,006 [restartedMain] WebMvcAutoConfiguration$WebMvcAutoConfigurationAdapter.addViewControllers(307) | Adding welcome page: class path resource [static/index.html]
[demo-mvc] INFO 2016-01-17 23:46:47,022 [restartedMain] AbstractUrlHandlerMapping.registerHandler(328) | Root mapping to handler of type [class org.springframework.web.servlet.mvc.ParameterizableViewController]
[demo-mvc] INFO 2016-01-17 23:46:47,059 [restartedMain] AbstractUrlHandlerMapping.registerHandler(341) | Mapped URL path [/webjars/**] onto handler of type [class org.springframework.web.servlet.resource.ResourceHttpRequestHandler]
[demo-mvc] INFO 2016-01-17 23:46:47,059 [restartedMain] AbstractUrlHandlerMapping.registerHandler(341) | Mapped URL path [/**] onto handler of type [class org.springframework.web.servlet.resource.ResourceHttpRequestHandler]
[demo-mvc] INFO 2016-01-17 23:46:47,090 [restartedMain] AbstractUrlHandlerMapping.registerHandler(341) | Mapped URL path [/**/favicon.ico] onto handler of type [class org.springframework.web.servlet.resource.ResourceHttpRequestHandler]
[demo-mvc] INFO 2016-01-17 23:46:47,187 [restartedMain] OptionalLiveReloadServer.startServer(58) | LiveReload server is running on port 35729
[demo-mvc] INFO 2016-01-17 23:46:47,240 [restartedMain] MBeanExporter.afterSingletonsInstantiated(431) | Registering beans for JMX exposure on startup
[demo-mvc] INFO 2016-01-17 23:46:47,259 [restartedMain] DirectJDKLog.log(180) | Initializing ProtocolHandler ["http-nio-7070"]
[demo-mvc] INFO 2016-01-17 23:46:47,260 [restartedMain] DirectJDKLog.log(180) | Starting ProtocolHandler ["http-nio-7070"]
[demo-mvc] INFO 2016-01-17 23:46:47,262 [restartedMain] DirectJDKLog.log(180) | Using a shared selector for servlet write/read
[demo-mvc] INFO 2016-01-17 23:46:47,273 [restartedMain] TomcatEmbeddedServletContainer.start(162) | Tomcat started on port(s): 7070 (http)
[demo-mvc] INFO 2016-01-17 23:46:47,279 [restartedMain] StartupInfoLogger.logStarted(57) | Started MvcApplication in 2.438 seconds (JVM running for 161.637)
[demo-mvc] INFO 2016-01-17 23:46:51,642 [Thread-22] AbstractApplicationContext.doClose(957) | Closing org.springframework.boot.context.embedded.AnnotationConfigEmbeddedWebApplicationContext@3281fedf: startup date [Sun Jan 17 23:46:44 CST 2016]; root of context hierarchy
[demo-mvc] INFO 2016-01-17 23:46:51,643 [Thread-22] MBeanExporter.destroy(449) | Unregistering JMX-exposed beans on shutdown
[demo-mvc] INFO 2016-01-17 23:46:52,093 [restartedMain] StartupInfoLogger.logStarting(48) | Starting MvcApplication on hugh with PID 8988 (D:\GitSpace\spring-boot-mvc\target\classes started by xudong in D:\GitSpace\spring-boot-mvc)
[demo-mvc] INFO 2016-01-17 23:46:52,095 [restartedMain] SpringApplication.logStartupProfileInfo(653) | No profiles are active
[demo-mvc] INFO 2016-01-17 23:46:52,103 [restartedMain] AbstractApplicationContext.prepareRefresh(577) | Refreshing org.springframework.boot.context.embedded.AnnotationConfigEmbeddedWebApplicationContext@4ddc921b: startup date [Sun Jan 17 23:46:52 CST 2016]; root of context hierarchy
[demo-mvc] INFO 2016-01-17 23:46:52,926 [restartedMain] DefaultListableBeanFactory.registerBeanDefinition(839) | Overriding bean definition for bean 'beanNameViewResolver' with a different definition: replacing [Root bean: class [null]; scope=; abstract=false; lazyInit=false; autowireMode=3; dependencyCheck=0; autowireCandidate=true; primary=false; factoryBeanName=org.springframework.boot.autoconfigure.web.ErrorMvcAutoConfiguration$WhitelabelErrorViewConfiguration; factoryMethodName=beanNameViewResolver; initMethodName=null; destroyMethodName=(inferred); defined in class path resource [org/springframework/boot/autoconfigure/web/ErrorMvcAutoConfiguration$WhitelabelErrorViewConfiguration.class]] with [Root bean: class [null]; scope=; abstract=false; lazyInit=false; autowireMode=3; dependencyCheck=0; autowireCandidate=true; primary=false; factoryBeanName=org.springframework.boot.autoconfigure.web.WebMvcAutoConfiguration$WebMvcAutoConfigurationAdapter; factoryMethodName=beanNameViewResolver; initMethodName=null; destroyMethodName=(inferred); defined in class path resource [org/springframework/boot/autoconfigure/web/WebMvcAutoConfiguration$WebMvcAutoConfigurationAdapter.class]]
[demo-mvc] INFO 2016-01-17 23:46:53,062 [restartedMain] TomcatEmbeddedServletContainer.initialize(81) | Tomcat initialized with port(s): 7070 (http)
[demo-mvc] INFO 2016-01-17 23:46:53,064 [restartedMain] DirectJDKLog.log(180) | Starting service Tomcat
[demo-mvc] INFO 2016-01-17 23:46:53,064 [restartedMain] DirectJDKLog.log(180) | Starting Servlet Engine: Apache Tomcat/8.0.28
[demo-mvc] INFO 2016-01-17 23:46:53,227 [localhost-startStop-1] DirectJDKLog.log(180) | At least one JAR was scanned for TLDs yet contained no TLDs. Enable debug logging for this logger for a complete list of JARs that were scanned but no TLDs were found in them. Skipping unneeded JARs during scanning can improve startup time and JSP compilation time.
[demo-mvc] INFO 2016-01-17 23:46:53,237 [localhost-startStop-1] DirectJDKLog.log(180) | Initializing Spring embedded WebApplicationContext
[demo-mvc] INFO 2016-01-17 23:46:53,238 [localhost-startStop-1] EmbeddedWebApplicationContext.prepareEmbeddedWebApplicationContext(270) | Root WebApplicationContext: initialization completed in 1135 ms
[demo-mvc] INFO 2016-01-17 23:46:53,388 [localhost-startStop-1] ServletRegistrationBean.onStartup(189) | Mapping servlet: 'dispatcherServlet' to [/]
[demo-mvc] INFO 2016-01-17 23:46:53,389 [localhost-startStop-1] AbstractFilterRegistrationBean.configure(258) | Mapping filter: 'characterEncodingFilter' to: [/*]
[demo-mvc] INFO 2016-01-17 23:46:53,389 [localhost-startStop-1] AbstractFilterRegistrationBean.configure(258) | Mapping filter: 'hiddenHttpMethodFilter' to: [/*]
[demo-mvc] INFO 2016-01-17 23:46:53,389 [localhost-startStop-1] AbstractFilterRegistrationBean.configure(258) | Mapping filter: 'httpPutFormContentFilter' to: [/*]
[demo-mvc] INFO 2016-01-17 23:46:53,389 [localhost-startStop-1] AbstractFilterRegistrationBean.configure(258) | Mapping filter: 'requestContextFilter' to: [/*]
[demo-mvc] INFO 2016-01-17 23:46:53,478 [restartedMain] RequestMappingHandlerAdapter.initControllerAdviceCache(532) | Looking for @ControllerAdvice: org.springframework.boot.context.embedded.AnnotationConfigEmbeddedWebApplicationContext@4ddc921b: startup date [Sun Jan 17 23:46:52 CST 2016]; root of context hierarchy
[demo-mvc] INFO 2016-01-17 23:46:53,505 [restartedMain] AbstractHandlerMethodMapping$MappingRegistry.register(515) | Mapped "{[/test/hello],methods=[GET]}" onto public java.lang.String demo.hugh.mvc.web.HelloController.genTCParam(org.springframework.ui.Model,javax.servlet.http.HttpServletRequest)
[demo-mvc] INFO 2016-01-17 23:46:53,555 [restartedMain] AbstractHandlerMethodMapping$MappingRegistry.register(515) | Mapped "{[/error]}" onto public org.springframework.http.ResponseEntity<java.util.Map<java.lang.String, java.lang.Object>> org.springframework.boot.autoconfigure.web.BasicErrorController.error(javax.servlet.http.HttpServletRequest)
[demo-mvc] INFO 2016-01-17 23:46:53,556 [restartedMain] AbstractHandlerMethodMapping$MappingRegistry.register(515) | Mapped "{[/error],produces=[text/html]}" onto public org.springframework.web.servlet.ModelAndView org.springframework.boot.autoconfigure.web.BasicErrorController.errorHtml(javax.servlet.http.HttpServletRequest)
[demo-mvc] INFO 2016-01-17 23:46:53,561 [restartedMain] WebMvcAutoConfiguration$WebMvcAutoConfigurationAdapter.addViewControllers(307) | Adding welcome page: class path resource [static/index.html]
[demo-mvc] INFO 2016-01-17 23:46:53,566 [restartedMain] AbstractUrlHandlerMapping.registerHandler(328) | Root mapping to handler of type [class org.springframework.web.servlet.mvc.ParameterizableViewController]
[demo-mvc] INFO 2016-01-17 23:46:53,607 [restartedMain] AbstractUrlHandlerMapping.registerHandler(341) | Mapped URL path [/webjars/**] onto handler of type [class org.springframework.web.servlet.resource.ResourceHttpRequestHandler]
[demo-mvc] INFO 2016-01-17 23:46:53,608 [restartedMain] AbstractUrlHandlerMapping.registerHandler(341) | Mapped URL path [/**] onto handler of type [class org.springframework.web.servlet.resource.ResourceHttpRequestHandler]
[demo-mvc] INFO 2016-01-17 23:46:53,648 [restartedMain] AbstractUrlHandlerMapping.registerHandler(341) | Mapped URL path [/**/favicon.ico] onto handler of type [class org.springframework.web.servlet.resource.ResourceHttpRequestHandler]
[demo-mvc] INFO 2016-01-17 23:46:53,750 [restartedMain] OptionalLiveReloadServer.startServer(58) | LiveReload server is running on port 35729
[demo-mvc] INFO 2016-01-17 23:46:53,819 [restartedMain] MBeanExporter.afterSingletonsInstantiated(431) | Registering beans for JMX exposure on startup
[demo-mvc] INFO 2016-01-17 23:46:53,831 [restartedMain] DirectJDKLog.log(180) | Initializing ProtocolHandler ["http-nio-7070"]
[demo-mvc] INFO 2016-01-17 23:46:53,832 [restartedMain] DirectJDKLog.log(180) | Starting ProtocolHandler ["http-nio-7070"]
[demo-mvc] INFO 2016-01-17 23:46:53,834 [restartedMain] DirectJDKLog.log(180) | Using a shared selector for servlet write/read
[demo-mvc] INFO 2016-01-17 23:46:53,841 [restartedMain] TomcatEmbeddedServletContainer.start(162) | Tomcat started on port(s): 7070 (http)
[demo-mvc] INFO 2016-01-17 23:46:53,844 [restartedMain] StartupInfoLogger.logStarted(57) | Started MvcApplication in 1.96 seconds (JVM running for 168.201)
[demo-mvc] INFO 2016-01-17 23:46:58,810 [http-nio-7070-exec-1] DirectJDKLog.log(180) | Initializing Spring FrameworkServlet 'dispatcherServlet'
[demo-mvc] INFO 2016-01-17 23:46:58,810 [http-nio-7070-exec-1] FrameworkServlet.initServletBean(488) | FrameworkServlet 'dispatcherServlet': initialization started
[demo-mvc] INFO 2016-01-17 23:46:58,816 [http-nio-7070-exec-1] FrameworkServlet.initServletBean(507) | FrameworkServlet 'dispatcherServlet': initialization completed in 6 ms
[demo-mvc] INFO 2016-01-17 23:46:58,818 [http-nio-7070-exec-1] HelloController.genTCParam(21) | 你好, 
[demo-mvc] INFO 2016-01-17 23:47:15,457 [Thread-28] AbstractApplicationContext.doClose(957) | Closing org.springframework.boot.context.embedded.AnnotationConfigEmbeddedWebApplicationContext@4ddc921b: startup date [Sun Jan 17 23:46:52 CST 2016]; root of context hierarchy
[demo-mvc] INFO 2016-01-17 23:47:15,458 [Thread-28] MBeanExporter.destroy(449) | Unregistering JMX-exposed beans on shutdown
[demo-mvc] INFO 2016-01-17 23:47:15,670 [restartedMain] StartupInfoLogger.logStarting(48) | Starting MvcApplication on hugh with PID 8988 (D:\GitSpace\spring-boot-mvc\target\classes started by xudong in D:\GitSpace\spring-boot-mvc)
[demo-mvc] INFO 2016-01-17 23:47:15,671 [restartedMain] SpringApplication.logStartupProfileInfo(653) | No profiles are active
[demo-mvc] INFO 2016-01-17 23:47:15,675 [restartedMain] AbstractApplicationContext.prepareRefresh(577) | Refreshing org.springframework.boot.context.embedded.AnnotationConfigEmbeddedWebApplicationContext@6ed3d083: startup date [Sun Jan 17 23:47:15 CST 2016]; root of context hierarchy
[demo-mvc] INFO 2016-01-17 23:47:16,346 [restartedMain] DefaultListableBeanFactory.registerBeanDefinition(839) | Overriding bean definition for bean 'beanNameViewResolver' with a different definition: replacing [Root bean: class [null]; scope=; abstract=false; lazyInit=false; autowireMode=3; dependencyCheck=0; autowireCandidate=true; primary=false; factoryBeanName=org.springframework.boot.autoconfigure.web.ErrorMvcAutoConfiguration$WhitelabelErrorViewConfiguration; factoryMethodName=beanNameViewResolver; initMethodName=null; destroyMethodName=(inferred); defined in class path resource [org/springframework/boot/autoconfigure/web/ErrorMvcAutoConfiguration$WhitelabelErrorViewConfiguration.class]] with [Root bean: class [null]; scope=; abstract=false; lazyInit=false; autowireMode=3; dependencyCheck=0; autowireCandidate=true; primary=false; factoryBeanName=org.springframework.boot.autoconfigure.web.WebMvcAutoConfiguration$WebMvcAutoConfigurationAdapter; factoryMethodName=beanNameViewResolver; initMethodName=null; destroyMethodName=(inferred); defined in class path resource [org/springframework/boot/autoconfigure/web/WebMvcAutoConfiguration$WebMvcAutoConfigurationAdapter.class]]
[demo-mvc] INFO 2016-01-17 23:47:16,505 [restartedMain] TomcatEmbeddedServletContainer.initialize(81) | Tomcat initialized with port(s): 7070 (http)
[demo-mvc] INFO 2016-01-17 23:47:16,506 [restartedMain] DirectJDKLog.log(180) | Starting service Tomcat
[demo-mvc] INFO 2016-01-17 23:47:16,507 [restartedMain] DirectJDKLog.log(180) | Starting Servlet Engine: Apache Tomcat/8.0.28
[demo-mvc] INFO 2016-01-17 23:47:16,727 [localhost-startStop-1] DirectJDKLog.log(180) | At least one JAR was scanned for TLDs yet contained no TLDs. Enable debug logging for this logger for a complete list of JARs that were scanned but no TLDs were found in them. Skipping unneeded JARs during scanning can improve startup time and JSP compilation time.
[demo-mvc] INFO 2016-01-17 23:47:16,730 [localhost-startStop-1] DirectJDKLog.log(180) | Initializing Spring embedded WebApplicationContext
[demo-mvc] INFO 2016-01-17 23:47:16,730 [localhost-startStop-1] EmbeddedWebApplicationContext.prepareEmbeddedWebApplicationContext(270) | Root WebApplicationContext: initialization completed in 1055 ms
[demo-mvc] INFO 2016-01-17 23:47:16,882 [localhost-startStop-1] ServletRegistrationBean.onStartup(189) | Mapping servlet: 'dispatcherServlet' to [/]
[demo-mvc] INFO 2016-01-17 23:47:16,883 [localhost-startStop-1] AbstractFilterRegistrationBean.configure(258) | Mapping filter: 'characterEncodingFilter' to: [/*]
[demo-mvc] INFO 2016-01-17 23:47:16,883 [localhost-startStop-1] AbstractFilterRegistrationBean.configure(258) | Mapping filter: 'hiddenHttpMethodFilter' to: [/*]
[demo-mvc] INFO 2016-01-17 23:47:16,883 [localhost-startStop-1] AbstractFilterRegistrationBean.configure(258) | Mapping filter: 'httpPutFormContentFilter' to: [/*]
[demo-mvc] INFO 2016-01-17 23:47:16,883 [localhost-startStop-1] AbstractFilterRegistrationBean.configure(258) | Mapping filter: 'requestContextFilter' to: [/*]
[demo-mvc] INFO 2016-01-17 23:47:16,948 [restartedMain] RequestMappingHandlerAdapter.initControllerAdviceCache(532) | Looking for @ControllerAdvice: org.springframework.boot.context.embedded.AnnotationConfigEmbeddedWebApplicationContext@6ed3d083: startup date [Sun Jan 17 23:47:15 CST 2016]; root of context hierarchy
[demo-mvc] INFO 2016-01-17 23:47:16,966 [restartedMain] AbstractHandlerMethodMapping$MappingRegistry.register(515) | Mapped "{[/test/hello],methods=[GET]}" onto public java.lang.String demo.hugh.mvc.web.HelloController.genTCParam(org.springframework.ui.Model,javax.servlet.http.HttpServletRequest)
[demo-mvc] INFO 2016-01-17 23:47:16,994 [restartedMain] AbstractHandlerMethodMapping$MappingRegistry.register(515) | Mapped "{[/error]}" onto public org.springframework.http.ResponseEntity<java.util.Map<java.lang.String, java.lang.Object>> org.springframework.boot.autoconfigure.web.BasicErrorController.error(javax.servlet.http.HttpServletRequest)
[demo-mvc] INFO 2016-01-17 23:47:16,995 [restartedMain] AbstractHandlerMethodMapping$MappingRegistry.register(515) | Mapped "{[/error],produces=[text/html]}" onto public org.springframework.web.servlet.ModelAndView org.springframework.boot.autoconfigure.web.BasicErrorController.errorHtml(javax.servlet.http.HttpServletRequest)
[demo-mvc] INFO 2016-01-17 23:47:16,999 [restartedMain] WebMvcAutoConfiguration$WebMvcAutoConfigurationAdapter.addViewControllers(307) | Adding welcome page: class path resource [static/index.html]
[demo-mvc] INFO 2016-01-17 23:47:17,008 [restartedMain] AbstractUrlHandlerMapping.registerHandler(328) | Root mapping to handler of type [class org.springframework.web.servlet.mvc.ParameterizableViewController]
[demo-mvc] INFO 2016-01-17 23:47:17,047 [restartedMain] AbstractUrlHandlerMapping.registerHandler(341) | Mapped URL path [/webjars/**] onto handler of type [class org.springframework.web.servlet.resource.ResourceHttpRequestHandler]
[demo-mvc] INFO 2016-01-17 23:47:17,047 [restartedMain] AbstractUrlHandlerMapping.registerHandler(341) | Mapped URL path [/**] onto handler of type [class org.springframework.web.servlet.resource.ResourceHttpRequestHandler]
[demo-mvc] INFO 2016-01-17 23:47:17,085 [restartedMain] AbstractUrlHandlerMapping.registerHandler(341) | Mapped URL path [/**/favicon.ico] onto handler of type [class org.springframework.web.servlet.resource.ResourceHttpRequestHandler]
[demo-mvc] INFO 2016-01-17 23:47:17,146 [restartedMain] OptionalLiveReloadServer.startServer(58) | LiveReload server is running on port 35729
[demo-mvc] INFO 2016-01-17 23:47:17,176 [restartedMain] MBeanExporter.afterSingletonsInstantiated(431) | Registering beans for JMX exposure on startup
[demo-mvc] INFO 2016-01-17 23:47:17,186 [restartedMain] DirectJDKLog.log(180) | Initializing ProtocolHandler ["http-nio-7070"]
[demo-mvc] INFO 2016-01-17 23:47:17,187 [restartedMain] DirectJDKLog.log(180) | Starting ProtocolHandler ["http-nio-7070"]
[demo-mvc] INFO 2016-01-17 23:47:17,188 [restartedMain] DirectJDKLog.log(180) | Using a shared selector for servlet write/read
[demo-mvc] INFO 2016-01-17 23:47:17,200 [restartedMain] TomcatEmbeddedServletContainer.start(162) | Tomcat started on port(s): 7070 (http)
[demo-mvc] INFO 2016-01-17 23:47:17,202 [restartedMain] StartupInfoLogger.logStarted(57) | Started MvcApplication in 1.635 seconds (JVM running for 191.56)
[demo-mvc] INFO 2016-01-17 23:47:25,211 [http-nio-7070-exec-1] DirectJDKLog.log(180) | Initializing Spring FrameworkServlet 'dispatcherServlet'
[demo-mvc] INFO 2016-01-17 23:47:25,211 [http-nio-7070-exec-1] FrameworkServlet.initServletBean(488) | FrameworkServlet 'dispatcherServlet': initialization started
[demo-mvc] INFO 2016-01-17 23:47:25,218 [http-nio-7070-exec-1] FrameworkServlet.initServletBean(507) | FrameworkServlet 'dispatcherServlet': initialization completed in 7 ms
[demo-mvc] INFO 2016-01-17 23:47:25,220 [http-nio-7070-exec-1] HelloController.genTCParam(21) | 你好 
[demo-mvc] INFO 2016-01-17 23:48:36,647 [Thread-34] AbstractApplicationContext.doClose(957) | Closing org.springframework.boot.context.embedded.AnnotationConfigEmbeddedWebApplicationContext@6ed3d083: startup date [Sun Jan 17 23:47:15 CST 2016]; root of context hierarchy
[demo-mvc] INFO 2016-01-17 23:48:37,013 [Thread-34] MBeanExporter.destroy(449) | Unregistering JMX-exposed beans on shutdown
